<?xml version="1.0" encoding="UTF-8"?>
<!-- Generated by org.testng.reporters.JUnitReportReporter -->
<testsuite skipped="0" hostname="DAWN" name="testvagrantCodingRound.test.SignInTest" tests="1" failures="0" timestamp="14 May 2019 16:16:14 GMT" time="14.055" errors="0">
  <testcase name="shouldThrowAnErrorIfSignInDetailsAreMissing" time="14.055" classname="testvagrantCodingRound.test.SignInTest"/>
</testsuite> <!-- testvagrantCodingRound.test.SignInTest -->
