<?xml version="1.0" encoding="UTF-8"?>
<!-- Generated by org.testng.reporters.JUnitReportReporter -->
<testsuite skipped="0" hostname="DAWN" name="testvagrantCodingRound.test.SignInTest" tests="1" failures="0" timestamp="14 May 2019 19:17:38 GMT" time="50.405" errors="0">
  <testcase name="shouldThrowAnErrorIfSignInDetailsAreMissing" time="50.405" classname="testvagrantCodingRound.test.SignInTest"/>
</testsuite> <!-- testvagrantCodingRound.test.SignInTest -->
