<?xml version="1.0" encoding="UTF-8"?>
<!-- Generated by org.testng.reporters.JUnitReportReporter -->
<testsuite skipped="0" hostname="DAWN" name="testvagrantCodingRound.test.SignInTest" tests="1" failures="0" timestamp="02 Jun 2019 14:53:42 GMT" time="6.160" errors="0">
  <testcase name="shouldThrowAnErrorIfSignInDetailsAreMissing" time="6.160" classname="testvagrantCodingRound.test.SignInTest"/>
</testsuite> <!-- testvagrantCodingRound.test.SignInTest -->
