<?xml version="1.0" encoding="UTF-8"?>
<!-- Generated by org.testng.reporters.JUnitReportReporter -->
<testsuite skipped="0" hostname="DAWN" name="testvagrantCodingRound.test.HotelBookingTest" tests="1" failures="0" timestamp="08 Jun 2019 19:55:10 GMT" time="48.286" errors="0">
  <testcase name="shouldBeAbleToSearchForHotels" time="48.286" classname="testvagrantCodingRound.test.HotelBookingTest"/>
</testsuite> <!-- testvagrantCodingRound.test.HotelBookingTest -->
