<?xml version="1.0" encoding="UTF-8"?>
<!-- Generated by org.testng.reporters.JUnitReportReporter -->
<testsuite skipped="0" hostname="DAWN" name="testvagrantCodingRound.test.HotelBookingTest" tests="1" failures="0" timestamp="14 May 2019 19:17:38 GMT" time="173.020" errors="0">
  <testcase name="shouldBeAbleToSearchForHotels" time="173.020" classname="testvagrantCodingRound.test.HotelBookingTest"/>
</testsuite> <!-- testvagrantCodingRound.test.HotelBookingTest -->
