<?xml version="1.0" encoding="UTF-8"?>
<!-- Generated by org.testng.reporters.JUnitReportReporter -->
<testsuite skipped="0" hostname="DAWN" name="testvagrantCodingRound.test.HotelBookingTest" tests="1" failures="0" timestamp="02 Jun 2019 13:23:47 GMT" time="46.681" errors="0">
  <testcase name="shouldBeAbleToSearchForHotels" time="46.681" classname="testvagrantCodingRound.test.HotelBookingTest"/>
</testsuite> <!-- testvagrantCodingRound.test.HotelBookingTest -->
