<?xml version="1.0" encoding="UTF-8"?>
<!-- Generated by org.testng.reporters.JUnitReportReporter -->
<testsuite skipped="0" hostname="DAWN" name="testvagrantCodingRound.test.FlightBookingTest" tests="1" failures="0" timestamp="08 Jun 2019 20:48:48 GMT" time="42.221" errors="0">
  <testcase name="testThatResultsAppearForAOneWayJourney" time="42.221" classname="testvagrantCodingRound.test.FlightBookingTest"/>
</testsuite> <!-- testvagrantCodingRound.test.FlightBookingTest -->
