<?xml version="1.0" encoding="UTF-8"?>
<!-- Generated by org.testng.reporters.JUnitReportReporter -->
<testsuite skipped="0" hostname="DAWN" name="testvagrantCodingRound.test.SignInTest" tests="1" failures="0" timestamp="08 Jun 2019 19:55:10 GMT" time="15.906" errors="0">
  <testcase name="shouldThrowAnErrorIfSignInDetailsAreMissing" time="15.906" classname="testvagrantCodingRound.test.SignInTest"/>
</testsuite> <!-- testvagrantCodingRound.test.SignInTest -->
