<?xml version="1.0" encoding="UTF-8"?>
<!-- Generated by org.testng.reporters.JUnitReportReporter -->
<testsuite skipped="0" hostname="DAWN" name="testvagrantCodingRound.test.FlightBookingTest" tests="1" failures="0" timestamp="02 Jun 2019 18:09:09 GMT" time="11.080" errors="0">
  <testcase name="testThatResultsAppearForAOneWayJourney" time="11.080" classname="testvagrantCodingRound.test.FlightBookingTest"/>
</testsuite> <!-- testvagrantCodingRound.test.FlightBookingTest -->
