<?xml version="1.0" encoding="UTF-8"?>
<!-- Generated by org.testng.reporters.JUnitReportReporter -->
<testsuite skipped="0" hostname="DAWN" name="testvagrantCodingRound.test.FlightBookingTest" tests="1" failures="0" timestamp="02 Jun 2019 13:23:47 GMT" time="18.061" errors="0">
  <testcase name="testThatResultsAppearForAOneWayJourney" time="18.061" classname="testvagrantCodingRound.test.FlightBookingTest"/>
</testsuite> <!-- testvagrantCodingRound.test.FlightBookingTest -->
