<?xml version="1.0" encoding="UTF-8"?>
<!-- Generated by org.testng.reporters.JUnitReportReporter -->
<testsuite skipped="0" hostname="DAWN" name="testvagrantCodingRound.test.FlightBookingTest" tests="1" failures="0" timestamp="14 May 2019 19:17:38 GMT" time="70.215" errors="0">
  <testcase name="testThatResultsAppearForAOneWayJourney" time="70.215" classname="testvagrantCodingRound.test.FlightBookingTest"/>
</testsuite> <!-- testvagrantCodingRound.test.FlightBookingTest -->
