<?xml version="1.0" encoding="UTF-8"?>
<!-- Generated by org.testng.reporters.JUnitReportReporter -->
<testsuite skipped="0" hostname="DAWN" name="testvagrantCodingRound.test.FlightBookingTest" tests="1" failures="0" timestamp="08 Jun 2019 19:55:10 GMT" time="43.569" errors="0">
  <testcase name="testThatResultsAppearForAOneWayJourney" time="43.569" classname="testvagrantCodingRound.test.FlightBookingTest"/>
</testsuite> <!-- testvagrantCodingRound.test.FlightBookingTest -->
