<?xml version="1.0" encoding="UTF-8"?>
<!-- Generated by org.testng.reporters.JUnitReportReporter -->
<testsuite skipped="0" hostname="DAWN" name="testvagrantCodingRound.test.HotelBookingTest" tests="1" failures="0" timestamp="04 Jun 2019 02:36:07 GMT" time="36.257" errors="0">
  <testcase name="shouldBeAbleToSearchForHotels" time="36.257" classname="testvagrantCodingRound.test.HotelBookingTest"/>
</testsuite> <!-- testvagrantCodingRound.test.HotelBookingTest -->
